<?xml version="1.0" encoding="UTF-8"?>
<testsuite xmlns:xsi="http://www.w3.org/2001/XMLSchema-instance" xsi:noNamespaceSchemaLocation="https://maven.apache.org/surefire/maven-surefire-plugin/xsd/surefire-test-report.xsd" version="3.0.2" name="com.futebol.vandersondutra.VandersondutraApplicationTests" time="5.239" tests="1" errors="0" skipped="0" failures="0">
  <properties>
[...]
</properties>
  <testcase name="contextLoads" classname="com.futebol.vandersondutra.VandersondutraApplicationTests" time="0.322">
    <system-out><![CDATA[11:12:25.779 [main] INFO org.springframework.test.context.support.AnnotationConfigContextLoaderUtils -- Could not detect default configuration classes for test class [com.futebol.vandersondutra.VandersondutraApplicationTests]: VandersondutraApplicationTests does not declare any static, non-private, non-final, nested classes annotated with @Configuration.
11:12:25.880 [main] INFO org.springframework.boot.test.context.SpringBootTestContextBootstrapper -- Found @SpringBootConfiguration com.futebol.vandersondutra.VandersondutraApplication for test class com.futebol.vandersondutra.VandersondutraApplicationTests
11:12:26.033 [main] INFO org.springframework.boot.devtools.restart.RestartApplicationListener -- Restart disabled due to context in which it is running

  .   ____          _            __ _ _
 /\\ / ___'_ __ _ _(_)_ __  __ _ \ \ \ \
( ( )\___ | '_ | '_| | '_ \/ _` | \ \ \ \
 \\/  ___)| |_)| | | | | || (_| |  ) ) ) )
  '  |____| .__|_| |_|_| |_\__, | / / / /
 =========|_|==============|___/=/_/_/_/

 :: Spring Boot ::                (v3.5.6)

2025-10-05T11:12:26.291-03:00  INFO 23216 --- [vandersondutra] [           main] c.f.v.VandersondutraApplicationTests     : Starting VandersondutraApplicationTests using Java 17.0.10 with PID 23216 (started by vbddinho in G:\new_WorkSpace\vandersondutra)
2025-10-05T11:12:26.292-03:00  INFO 23216 --- [vandersondutra] [           main] c.f.v.VandersondutraApplicationTests     : No active profile set, falling back to 1 default profile: "default"
2025-10-05T11:12:26.964-03:00  INFO 23216 --- [vandersondutra] [           main] .s.d.r.c.RepositoryConfigurationDelegate : Bootstrapping Spring Data JPA repositories in DEFAULT mode.
2025-10-05T11:12:27.021-03:00  INFO 23216 --- [vandersondutra] [           main] .s.d.r.c.RepositoryConfigurationDelegate : Finished Spring Data repository scanning in 48 ms. Found 1 JPA repository interface.
2025-10-05T11:12:27.530-03:00  INFO 23216 --- [vandersondutra] [           main] o.hibernate.jpa.internal.util.LogHelper  : HHH000204: Processing PersistenceUnitInfo [name: default]
2025-10-05T11:12:27.582-03:00  INFO 23216 --- [vandersondutra] [           main] org.hibernate.Version                    : HHH000412: Hibernate ORM core version 6.6.29.Final
2025-10-05T11:12:27.616-03:00  INFO 23216 --- [vandersondutra] [           main] o.h.c.internal.RegionFactoryInitiator    : HHH000026: Second-level cache disabled
2025-10-05T11:12:27.934-03:00  INFO 23216 --- [vandersondutra] [           main] o.s.o.j.p.SpringPersistenceUnitInfo      : No LoadTimeWeaver setup: ignoring JPA class transformer
2025-10-05T11:12:27.966-03:00  INFO 23216 --- [vandersondutra] [           main] com.zaxxer.hikari.HikariDataSource       : HikariPool-1 - Starting...
2025-10-05T11:12:28.126-03:00  INFO 23216 --- [vandersondutra] [           main] com.zaxxer.hikari.pool.HikariPool        : HikariPool-1 - Added connection conn0: url=jdbc:h2:mem:testdb user=SA
2025-10-05T11:12:28.128-03:00  INFO 23216 --- [vandersondutra] [           main] com.zaxxer.hikari.HikariDataSource       : HikariPool-1 - Start completed.
2025-10-05T11:12:28.185-03:00  INFO 23216 --- [vandersondutra] [           main] org.hibernate.orm.connections.pooling    : HHH10001005: Database info:
	Database JDBC URL [Connecting through datasource 'HikariDataSource (HikariPool-1)']
	Database driver: undefined/unknown
	Database version: 2.3.232
	Autocommit mode: undefined/unknown
	Isolation level: undefined/unknown
	Minimum pool size: undefined/unknown
	Maximum pool size: undefined/unknown
2025-10-05T11:12:28.826-03:00  INFO 23216 --- [vandersondutra] [           main] o.h.e.t.j.p.i.JtaPlatformInitiator       : HHH000489: No JTA platform available (set 'hibernate.transaction.jta.platform' to enable JTA platform integration)
2025-10-05T11:12:28.875-03:00  INFO 23216 --- [vandersondutra] [           main] j.LocalContainerEntityManagerFactoryBean : Initialized JPA EntityManagerFactory for persistence unit 'default'
2025-10-05T11:12:29.259-03:00  INFO 23216 --- [vandersondutra] [           main] r$InitializeUserDetailsManagerConfigurer : Global AuthenticationManager configured with UserDetailsService bean with name userDetailsService
2025-10-05T11:12:29.970-03:00  INFO 23216 --- [vandersondutra] [           main] o.s.b.a.h2.H2ConsoleAutoConfiguration    : H2 console available at '/h2-console'. Database available at 'jdbc:h2:mem:testdb'
2025-10-05T11:12:30.095-03:00  INFO 23216 --- [vandersondutra] [           main] c.f.v.VandersondutraApplicationTests     : Started VandersondutraApplicationTests in 4.073 seconds (process running for 4.902)
]]></system-out>
  </testcase>
</testsuite>